  simple-opengl-3d-tool.cpp
D:\ECUST\5semester\computer_graphics\ex3\simple-opengl-3d-tool\setLookAt.h(29,30): warning C4305: “初始化”: 从“double”到“GLfloat”截断
D:\ECUST\5semester\computer_graphics\ex3\simple-opengl-3d-tool\getTetrahedron.h(8,29): warning C4244: “参数”: 从“double”转换到“GLfloat”，可能丢失数据
D:\ECUST\5semester\computer_graphics\ex3\simple-opengl-3d-tool\getTetrahedron.h(8,23): warning C4244: “参数”: 从“double”转换到“GLfloat”，可能丢失数据
D:\ECUST\5semester\computer_graphics\ex3\simple-opengl-3d-tool\getTetrahedron.h(8,17): warning C4244: “参数”: 从“double”转换到“GLfloat”，可能丢失数据
D:\ECUST\5semester\computer_graphics\ex3\simple-opengl-3d-tool\getTetrahedron.h(9,29): warning C4244: “参数”: 从“double”转换到“GLfloat”，可能丢失数据
D:\ECUST\5semester\computer_graphics\ex3\simple-opengl-3d-tool\getTetrahedron.h(9,23): warning C4244: “参数”: 从“double”转换到“GLfloat”，可能丢失数据
D:\ECUST\5semester\computer_graphics\ex3\simple-opengl-3d-tool\getTetrahedron.h(9,17): warning C4244: “参数”: 从“double”转换到“GLfloat”，可能丢失数据
D:\ECUST\5semester\computer_graphics\ex3\simple-opengl-3d-tool\getTetrahedron.h(10,29): warning C4244: “参数”: 从“double”转换到“GLfloat”，可能丢失数据
D:\ECUST\5semester\computer_graphics\ex3\simple-opengl-3d-tool\getTetrahedron.h(10,23): warning C4244: “参数”: 从“double”转换到“GLfloat”，可能丢失数据
D:\ECUST\5semester\computer_graphics\ex3\simple-opengl-3d-tool\getTetrahedron.h(10,17): warning C4244: “参数”: 从“double”转换到“GLfloat”，可能丢失数据
D:\ECUST\5semester\computer_graphics\ex3\simple-opengl-3d-tool\getTetrahedron.h(13,29): warning C4244: “参数”: 从“double”转换到“GLfloat”，可能丢失数据
D:\ECUST\5semester\computer_graphics\ex3\simple-opengl-3d-tool\getTetrahedron.h(13,23): warning C4244: “参数”: 从“double”转换到“GLfloat”，可能丢失数据
D:\ECUST\5semester\computer_graphics\ex3\simple-opengl-3d-tool\getTetrahedron.h(13,17): warning C4244: “参数”: 从“double”转换到“GLfloat”，可能丢失数据
D:\ECUST\5semester\computer_graphics\ex3\simple-opengl-3d-tool\getTetrahedron.h(14,29): warning C4244: “参数”: 从“double”转换到“GLfloat”，可能丢失数据
D:\ECUST\5semester\computer_graphics\ex3\simple-opengl-3d-tool\getTetrahedron.h(14,23): warning C4244: “参数”: 从“double”转换到“GLfloat”，可能丢失数据
D:\ECUST\5semester\computer_graphics\ex3\simple-opengl-3d-tool\getTetrahedron.h(14,17): warning C4244: “参数”: 从“double”转换到“GLfloat”，可能丢失数据
D:\ECUST\5semester\computer_graphics\ex3\simple-opengl-3d-tool\getTetrahedron.h(15,29): warning C4244: “参数”: 从“double”转换到“GLfloat”，可能丢失数据
D:\ECUST\5semester\computer_graphics\ex3\simple-opengl-3d-tool\getTetrahedron.h(15,23): warning C4244: “参数”: 从“double”转换到“GLfloat”，可能丢失数据
D:\ECUST\5semester\computer_graphics\ex3\simple-opengl-3d-tool\getTetrahedron.h(15,17): warning C4244: “参数”: 从“double”转换到“GLfloat”，可能丢失数据
D:\ECUST\5semester\computer_graphics\ex3\simple-opengl-3d-tool\getTetrahedron.h(19,29): warning C4244: “参数”: 从“double”转换到“GLfloat”，可能丢失数据
D:\ECUST\5semester\computer_graphics\ex3\simple-opengl-3d-tool\getTetrahedron.h(19,23): warning C4244: “参数”: 从“double”转换到“GLfloat”，可能丢失数据
D:\ECUST\5semester\computer_graphics\ex3\simple-opengl-3d-tool\getTetrahedron.h(19,17): warning C4244: “参数”: 从“double”转换到“GLfloat”，可能丢失数据
D:\ECUST\5semester\computer_graphics\ex3\simple-opengl-3d-tool\getTetrahedron.h(20,29): warning C4244: “参数”: 从“double”转换到“GLfloat”，可能丢失数据
D:\ECUST\5semester\computer_graphics\ex3\simple-opengl-3d-tool\getTetrahedron.h(20,23): warning C4244: “参数”: 从“double”转换到“GLfloat”，可能丢失数据
D:\ECUST\5semester\computer_graphics\ex3\simple-opengl-3d-tool\getTetrahedron.h(20,17): warning C4244: “参数”: 从“double”转换到“GLfloat”，可能丢失数据
D:\ECUST\5semester\computer_graphics\ex3\simple-opengl-3d-tool\getTetrahedron.h(23,29): warning C4244: “参数”: 从“double”转换到“GLfloat”，可能丢失数据
D:\ECUST\5semester\computer_graphics\ex3\simple-opengl-3d-tool\getTetrahedron.h(23,23): warning C4244: “参数”: 从“double”转换到“GLfloat”，可能丢失数据
D:\ECUST\5semester\computer_graphics\ex3\simple-opengl-3d-tool\getTetrahedron.h(23,17): warning C4244: “参数”: 从“double”转换到“GLfloat”，可能丢失数据
D:\ECUST\5semester\computer_graphics\ex3\simple-opengl-3d-tool\getTetrahedron.h(24,29): warning C4244: “参数”: 从“double”转换到“GLfloat”，可能丢失数据
D:\ECUST\5semester\computer_graphics\ex3\simple-opengl-3d-tool\getTetrahedron.h(24,23): warning C4244: “参数”: 从“double”转换到“GLfloat”，可能丢失数据
D:\ECUST\5semester\computer_graphics\ex3\simple-opengl-3d-tool\getTetrahedron.h(24,17): warning C4244: “参数”: 从“double”转换到“GLfloat”，可能丢失数据
D:\ECUST\5semester\computer_graphics\ex3\simple-opengl-3d-tool\getTetrahedron.h(25,29): warning C4244: “参数”: 从“double”转换到“GLfloat”，可能丢失数据
D:\ECUST\5semester\computer_graphics\ex3\simple-opengl-3d-tool\getTetrahedron.h(25,23): warning C4244: “参数”: 从“double”转换到“GLfloat”，可能丢失数据
D:\ECUST\5semester\computer_graphics\ex3\simple-opengl-3d-tool\getTetrahedron.h(25,17): warning C4244: “参数”: 从“double”转换到“GLfloat”，可能丢失数据
D:\ECUST\5semester\computer_graphics\ex3\simple-opengl-3d-tool\getAxis.h(20,47): warning C4267: “参数”: 从“size_t”转换到“GLsizei”，可能丢失数据
D:\ECUST\5semester\computer_graphics\ex3\simple-opengl-3d-tool\getAxis.h(27,47): warning C4267: “参数”: 从“size_t”转换到“GLsizei”，可能丢失数据
D:\ECUST\5semester\computer_graphics\ex3\simple-opengl-3d-tool\getAxis.h(34,47): warning C4267: “参数”: 从“size_t”转换到“GLsizei”，可能丢失数据
D:\ECUST\5semester\computer_graphics\ex3\simple-opengl-3d-tool\simple-opengl-3d-tool.cpp(83,21): warning C4244: “=”: 从“double”转换到“GLfloat”，可能丢失数据
D:\ECUST\5semester\computer_graphics\ex3\simple-opengl-3d-tool\simple-opengl-3d-tool.cpp(86,21): warning C4244: “=”: 从“double”转换到“GLfloat”，可能丢失数据
D:\ECUST\5semester\computer_graphics\ex3\simple-opengl-3d-tool\simple-opengl-3d-tool.cpp(89,21): warning C4244: “=”: 从“double”转换到“GLfloat”，可能丢失数据
D:\ECUST\5semester\computer_graphics\ex3\simple-opengl-3d-tool\simple-opengl-3d-tool.cpp(101,20): warning C4244: “=”: 从“double”转换到“float”，可能丢失数据
D:\ECUST\5semester\computer_graphics\ex3\simple-opengl-3d-tool\simple-opengl-3d-tool.cpp(104,20): warning C4244: “=”: 从“double”转换到“float”，可能丢失数据
D:\ECUST\5semester\computer_graphics\ex3\simple-opengl-3d-tool\simple-opengl-3d-tool.cpp(113,34): warning C4326: “main”的返回类型应为“int”而非“void”
  正在生成代码
  4 of 23 functions (17.4%) were compiled, the rest were copied from previous compilation.
    0 functions were new in current compilation
    2 functions had inline decision re-evaluated but remain unchanged
  已完成代码的生成
  simple-opengl-3d-tool.vcxproj -> D:\ECUST\5semester\computer_graphics\ex3\simple-opengl-3d-tool\x64\Release\simple-opengl-3d-tool.exe
