  simple-opengl-3d-tool.cpp
D:\ECUST\5semester\computer_graphics\ex3\simple-opengl-3d-tool\getAxis.h(20,47): warning C4267: “参数”: 从“size_t”转换到“GLsizei”，可能丢失数据
D:\ECUST\5semester\computer_graphics\ex3\simple-opengl-3d-tool\getAxis.h(27,47): warning C4267: “参数”: 从“size_t”转换到“GLsizei”，可能丢失数据
D:\ECUST\5semester\computer_graphics\ex3\simple-opengl-3d-tool\getAxis.h(34,47): warning C4267: “参数”: 从“size_t”转换到“GLsizei”，可能丢失数据
D:\ECUST\5semester\computer_graphics\ex3\simple-opengl-3d-tool\setLookAt.h(29,30): warning C4305: “初始化”: 从“double”到“GLfloat”截断
D:\ECUST\5semester\computer_graphics\ex3\simple-opengl-3d-tool\getTetrahedron.h(9,29): warning C4244: “参数”: 从“double”转换到“GLfloat”，可能丢失数据
D:\ECUST\5semester\computer_graphics\ex3\simple-opengl-3d-tool\getTetrahedron.h(9,23): warning C4244: “参数”: 从“double”转换到“GLfloat”，可能丢失数据
D:\ECUST\5semester\computer_graphics\ex3\simple-opengl-3d-tool\getTetrahedron.h(9,17): warning C4244: “参数”: 从“double”转换到“GLfloat”，可能丢失数据
D:\ECUST\5semester\computer_graphics\ex3\simple-opengl-3d-tool\getTetrahedron.h(10,29): warning C4244: “参数”: 从“double”转换到“GLfloat”，可能丢失数据
D:\ECUST\5semester\computer_graphics\ex3\simple-opengl-3d-tool\getTetrahedron.h(10,23): warning C4244: “参数”: 从“double”转换到“GLfloat”，可能丢失数据
D:\ECUST\5semester\computer_graphics\ex3\simple-opengl-3d-tool\getTetrahedron.h(10,17): warning C4244: “参数”: 从“double”转换到“GLfloat”，可能丢失数据
D:\ECUST\5semester\computer_graphics\ex3\simple-opengl-3d-tool\getTetrahedron.h(11,29): warning C4244: “参数”: 从“double”转换到“GLfloat”，可能丢失数据
D:\ECUST\5semester\computer_graphics\ex3\simple-opengl-3d-tool\getTetrahedron.h(11,23): warning C4244: “参数”: 从“double”转换到“GLfloat”，可能丢失数据
D:\ECUST\5semester\computer_graphics\ex3\simple-opengl-3d-tool\getTetrahedron.h(11,17): warning C4244: “参数”: 从“double”转换到“GLfloat”，可能丢失数据
D:\ECUST\5semester\computer_graphics\ex3\simple-opengl-3d-tool\getTetrahedron.h(14,29): warning C4244: “参数”: 从“double”转换到“GLfloat”，可能丢失数据
D:\ECUST\5semester\computer_graphics\ex3\simple-opengl-3d-tool\getTetrahedron.h(14,23): warning C4244: “参数”: 从“double”转换到“GLfloat”，可能丢失数据
D:\ECUST\5semester\computer_graphics\ex3\simple-opengl-3d-tool\getTetrahedron.h(14,17): warning C4244: “参数”: 从“double”转换到“GLfloat”，可能丢失数据
D:\ECUST\5semester\computer_graphics\ex3\simple-opengl-3d-tool\getTetrahedron.h(15,29): warning C4244: “参数”: 从“double”转换到“GLfloat”，可能丢失数据
D:\ECUST\5semester\computer_graphics\ex3\simple-opengl-3d-tool\getTetrahedron.h(15,23): warning C4244: “参数”: 从“double”转换到“GLfloat”，可能丢失数据
D:\ECUST\5semester\computer_graphics\ex3\simple-opengl-3d-tool\getTetrahedron.h(15,17): warning C4244: “参数”: 从“double”转换到“GLfloat”，可能丢失数据
D:\ECUST\5semester\computer_graphics\ex3\simple-opengl-3d-tool\getTetrahedron.h(16,29): warning C4244: “参数”: 从“double”转换到“GLfloat”，可能丢失数据
D:\ECUST\5semester\computer_graphics\ex3\simple-opengl-3d-tool\getTetrahedron.h(16,23): warning C4244: “参数”: 从“double”转换到“GLfloat”，可能丢失数据
D:\ECUST\5semester\computer_graphics\ex3\simple-opengl-3d-tool\getTetrahedron.h(16,17): warning C4244: “参数”: 从“double”转换到“GLfloat”，可能丢失数据
D:\ECUST\5semester\computer_graphics\ex3\simple-opengl-3d-tool\getTetrahedron.h(20,29): warning C4244: “参数”: 从“double”转换到“GLfloat”，可能丢失数据
D:\ECUST\5semester\computer_graphics\ex3\simple-opengl-3d-tool\getTetrahedron.h(20,23): warning C4244: “参数”: 从“double”转换到“GLfloat”，可能丢失数据
D:\ECUST\5semester\computer_graphics\ex3\simple-opengl-3d-tool\getTetrahedron.h(20,17): warning C4244: “参数”: 从“double”转换到“GLfloat”，可能丢失数据
D:\ECUST\5semester\computer_graphics\ex3\simple-opengl-3d-tool\getTetrahedron.h(21,29): warning C4244: “参数”: 从“double”转换到“GLfloat”，可能丢失数据
D:\ECUST\5semester\computer_graphics\ex3\simple-opengl-3d-tool\getTetrahedron.h(21,23): warning C4244: “参数”: 从“double”转换到“GLfloat”，可能丢失数据
D:\ECUST\5semester\computer_graphics\ex3\simple-opengl-3d-tool\getTetrahedron.h(21,17): warning C4244: “参数”: 从“double”转换到“GLfloat”，可能丢失数据
D:\ECUST\5semester\computer_graphics\ex3\simple-opengl-3d-tool\getTetrahedron.h(24,29): warning C4244: “参数”: 从“double”转换到“GLfloat”，可能丢失数据
D:\ECUST\5semester\computer_graphics\ex3\simple-opengl-3d-tool\getTetrahedron.h(24,23): warning C4244: “参数”: 从“double”转换到“GLfloat”，可能丢失数据
D:\ECUST\5semester\computer_graphics\ex3\simple-opengl-3d-tool\getTetrahedron.h(24,17): warning C4244: “参数”: 从“double”转换到“GLfloat”，可能丢失数据
D:\ECUST\5semester\computer_graphics\ex3\simple-opengl-3d-tool\getTetrahedron.h(25,29): warning C4244: “参数”: 从“double”转换到“GLfloat”，可能丢失数据
D:\ECUST\5semester\computer_graphics\ex3\simple-opengl-3d-tool\getTetrahedron.h(25,23): warning C4244: “参数”: 从“double”转换到“GLfloat”，可能丢失数据
D:\ECUST\5semester\computer_graphics\ex3\simple-opengl-3d-tool\getTetrahedron.h(25,17): warning C4244: “参数”: 从“double”转换到“GLfloat”，可能丢失数据
D:\ECUST\5semester\computer_graphics\ex3\simple-opengl-3d-tool\getTetrahedron.h(26,29): warning C4244: “参数”: 从“double”转换到“GLfloat”，可能丢失数据
D:\ECUST\5semester\computer_graphics\ex3\simple-opengl-3d-tool\getTetrahedron.h(26,23): warning C4244: “参数”: 从“double”转换到“GLfloat”，可能丢失数据
D:\ECUST\5semester\computer_graphics\ex3\simple-opengl-3d-tool\getTetrahedron.h(26,17): warning C4244: “参数”: 从“double”转换到“GLfloat”，可能丢失数据
D:\ECUST\5semester\computer_graphics\ex3\simple-opengl-3d-tool\simple-opengl-3d-tool.cpp(18,27): warning C4244: “参数”: 从“double”转换到“GLfloat”，可能丢失数据
D:\ECUST\5semester\computer_graphics\ex3\simple-opengl-3d-tool\simple-opengl-3d-tool.cpp(18,22): warning C4244: “参数”: 从“double”转换到“GLfloat”，可能丢失数据
D:\ECUST\5semester\computer_graphics\ex3\simple-opengl-3d-tool\simple-opengl-3d-tool.cpp(18,17): warning C4244: “参数”: 从“double”转换到“GLfloat”，可能丢失数据
D:\ECUST\5semester\computer_graphics\ex3\simple-opengl-3d-tool\simple-opengl-3d-tool.cpp(19,27): warning C4244: “参数”: 从“double”转换到“GLfloat”，可能丢失数据
D:\ECUST\5semester\computer_graphics\ex3\simple-opengl-3d-tool\simple-opengl-3d-tool.cpp(19,22): warning C4244: “参数”: 从“double”转换到“GLfloat”，可能丢失数据
D:\ECUST\5semester\computer_graphics\ex3\simple-opengl-3d-tool\simple-opengl-3d-tool.cpp(19,17): warning C4244: “参数”: 从“double”转换到“GLfloat”，可能丢失数据
D:\ECUST\5semester\computer_graphics\ex3\simple-opengl-3d-tool\simple-opengl-3d-tool.cpp(20,27): warning C4244: “参数”: 从“double”转换到“GLfloat”，可能丢失数据
D:\ECUST\5semester\computer_graphics\ex3\simple-opengl-3d-tool\simple-opengl-3d-tool.cpp(20,22): warning C4244: “参数”: 从“double”转换到“GLfloat”，可能丢失数据
D:\ECUST\5semester\computer_graphics\ex3\simple-opengl-3d-tool\simple-opengl-3d-tool.cpp(20,17): warning C4244: “参数”: 从“double”转换到“GLfloat”，可能丢失数据
D:\ECUST\5semester\computer_graphics\ex3\simple-opengl-3d-tool\simple-opengl-3d-tool.cpp(22,27): warning C4244: “参数”: 从“double”转换到“GLfloat”，可能丢失数据
D:\ECUST\5semester\computer_graphics\ex3\simple-opengl-3d-tool\simple-opengl-3d-tool.cpp(22,22): warning C4244: “参数”: 从“double”转换到“GLfloat”，可能丢失数据
D:\ECUST\5semester\computer_graphics\ex3\simple-opengl-3d-tool\simple-opengl-3d-tool.cpp(22,17): warning C4244: “参数”: 从“double”转换到“GLfloat”，可能丢失数据
D:\ECUST\5semester\computer_graphics\ex3\simple-opengl-3d-tool\simple-opengl-3d-tool.cpp(23,27): warning C4244: “参数”: 从“double”转换到“GLfloat”，可能丢失数据
D:\ECUST\5semester\computer_graphics\ex3\simple-opengl-3d-tool\simple-opengl-3d-tool.cpp(23,22): warning C4244: “参数”: 从“double”转换到“GLfloat”，可能丢失数据
D:\ECUST\5semester\computer_graphics\ex3\simple-opengl-3d-tool\simple-opengl-3d-tool.cpp(23,17): warning C4244: “参数”: 从“double”转换到“GLfloat”，可能丢失数据
D:\ECUST\5semester\computer_graphics\ex3\simple-opengl-3d-tool\simple-opengl-3d-tool.cpp(24,27): warning C4244: “参数”: 从“double”转换到“GLfloat”，可能丢失数据
D:\ECUST\5semester\computer_graphics\ex3\simple-opengl-3d-tool\simple-opengl-3d-tool.cpp(24,22): warning C4244: “参数”: 从“double”转换到“GLfloat”，可能丢失数据
D:\ECUST\5semester\computer_graphics\ex3\simple-opengl-3d-tool\simple-opengl-3d-tool.cpp(24,17): warning C4244: “参数”: 从“double”转换到“GLfloat”，可能丢失数据
D:\ECUST\5semester\computer_graphics\ex3\simple-opengl-3d-tool\simple-opengl-3d-tool.cpp(26,27): warning C4244: “参数”: 从“double”转换到“GLfloat”，可能丢失数据
D:\ECUST\5semester\computer_graphics\ex3\simple-opengl-3d-tool\simple-opengl-3d-tool.cpp(26,22): warning C4244: “参数”: 从“double”转换到“GLfloat”，可能丢失数据
D:\ECUST\5semester\computer_graphics\ex3\simple-opengl-3d-tool\simple-opengl-3d-tool.cpp(26,17): warning C4244: “参数”: 从“double”转换到“GLfloat”，可能丢失数据
D:\ECUST\5semester\computer_graphics\ex3\simple-opengl-3d-tool\simple-opengl-3d-tool.cpp(27,27): warning C4244: “参数”: 从“double”转换到“GLfloat”，可能丢失数据
D:\ECUST\5semester\computer_graphics\ex3\simple-opengl-3d-tool\simple-opengl-3d-tool.cpp(27,22): warning C4244: “参数”: 从“double”转换到“GLfloat”，可能丢失数据
D:\ECUST\5semester\computer_graphics\ex3\simple-opengl-3d-tool\simple-opengl-3d-tool.cpp(27,17): warning C4244: “参数”: 从“double”转换到“GLfloat”，可能丢失数据
D:\ECUST\5semester\computer_graphics\ex3\simple-opengl-3d-tool\simple-opengl-3d-tool.cpp(28,27): warning C4244: “参数”: 从“double”转换到“GLfloat”，可能丢失数据
D:\ECUST\5semester\computer_graphics\ex3\simple-opengl-3d-tool\simple-opengl-3d-tool.cpp(28,22): warning C4244: “参数”: 从“double”转换到“GLfloat”，可能丢失数据
D:\ECUST\5semester\computer_graphics\ex3\simple-opengl-3d-tool\simple-opengl-3d-tool.cpp(28,17): warning C4244: “参数”: 从“double”转换到“GLfloat”，可能丢失数据
D:\ECUST\5semester\computer_graphics\ex3\simple-opengl-3d-tool\simple-opengl-3d-tool.cpp(30,27): warning C4244: “参数”: 从“double”转换到“GLfloat”，可能丢失数据
D:\ECUST\5semester\computer_graphics\ex3\simple-opengl-3d-tool\simple-opengl-3d-tool.cpp(30,22): warning C4244: “参数”: 从“double”转换到“GLfloat”，可能丢失数据
D:\ECUST\5semester\computer_graphics\ex3\simple-opengl-3d-tool\simple-opengl-3d-tool.cpp(30,17): warning C4244: “参数”: 从“double”转换到“GLfloat”，可能丢失数据
D:\ECUST\5semester\computer_graphics\ex3\simple-opengl-3d-tool\simple-opengl-3d-tool.cpp(31,27): warning C4244: “参数”: 从“double”转换到“GLfloat”，可能丢失数据
D:\ECUST\5semester\computer_graphics\ex3\simple-opengl-3d-tool\simple-opengl-3d-tool.cpp(31,22): warning C4244: “参数”: 从“double”转换到“GLfloat”，可能丢失数据
D:\ECUST\5semester\computer_graphics\ex3\simple-opengl-3d-tool\simple-opengl-3d-tool.cpp(31,17): warning C4244: “参数”: 从“double”转换到“GLfloat”，可能丢失数据
D:\ECUST\5semester\computer_graphics\ex3\simple-opengl-3d-tool\simple-opengl-3d-tool.cpp(32,27): warning C4244: “参数”: 从“double”转换到“GLfloat”，可能丢失数据
D:\ECUST\5semester\computer_graphics\ex3\simple-opengl-3d-tool\simple-opengl-3d-tool.cpp(32,22): warning C4244: “参数”: 从“double”转换到“GLfloat”，可能丢失数据
D:\ECUST\5semester\computer_graphics\ex3\simple-opengl-3d-tool\simple-opengl-3d-tool.cpp(32,17): warning C4244: “参数”: 从“double”转换到“GLfloat”，可能丢失数据
D:\ECUST\5semester\computer_graphics\ex3\simple-opengl-3d-tool\simple-opengl-3d-tool.cpp(58,34): warning C4326: “main”的返回类型应为“int”而非“void”
  simple-opengl-3d-tool.vcxproj -> D:\ECUST\5semester\computer_graphics\ex3\simple-opengl-3d-tool\x64\Debug\simple-opengl-3d-tool.exe
